[0609/085940.108:ERROR:process_reader_win.cc(151)] SuspendThread: Access is denied. (0x5)
[0609/085940.109:ERROR:process_reader_win.cc(151)] SuspendThread: Access is denied. (0x5)
[0609/085940.109:ERROR:process_reader_win.cc(151)] SuspendThread: Access is denied. (0x5)
[0609/085940.109:ERROR:process_reader_win.cc(151)] SuspendThread: Access is denied. (0x5)
[0609/085940.109:ERROR:process_reader_win.cc(151)] SuspendThread: Access is denied. (0x5)
[0609/085940.109:ERROR:process_reader_win.cc(151)] SuspendThread: Access is denied. (0x5)
[0609/085940.109:ERROR:process_reader_win.cc(151)] SuspendThread: Access is denied. (0x5)
[0609/085940.112:ERROR:process_memory_win.cc(73)] ReadMemory at 0x17566391d30 of 6656 bytes failed: Only part of a ReadProcessMemory or WriteProcessMemory request was completed. (0x12B)
[0609/085940.113:ERROR:process_snapshot_win.cc(322)] failed to read unloaded module data
[0609/085940.115:ERROR:process_memory_win.cc(73)] ReadMemory at 0x17566650000 of 64 bytes failed: Only part of a ReadProcessMemory or WriteProcessMemory request was completed. (0x12B)
[0609/085940.115:WARNING:pe_image_reader.cc(340)] could not read dos header from C:\Windows\System32\WS2_32.dll
[0609/085940.116:ERROR:process_memory_win.cc(73)] ReadMemory at 0x175667b0810 of 72 bytes failed: Only part of a ReadProcessMemory or WriteProcessMemory request was completed. (0x12B)
[0609/085940.116:WARNING:pe_image_annotations_reader.cc(134)] could not read annotations list object in C:\Program Files (x86)\Google\Chrome\Application\83.0.4103.97\chrome_elf.dll
[0609/085940.117:ERROR:process_memory_win.cc(73)] ReadMemory at 0x17566b05600 of 72 bytes failed: Only part of a ReadProcessMemory or WriteProcessMemory request was completed. (0x12B)
[0609/085940.117:WARNING:pe_image_annotations_reader.cc(134)] could not read annotations list object in C:\Program Files (x86)\Google\Chrome\Application\83.0.4103.97\chrome.dll
[0609/085940.117:ERROR:process_memory_win.cc(73)] ReadMemory at 0x17566650000 of 64 bytes failed: Only part of a ReadProcessMemory or WriteProcessMemory request was completed. (0x12B)
[0609/085940.117:WARNING:pe_image_reader.cc(340)] could not read dos header from C:\Windows\System32\WS2_32.dll
[0609/085940.117:ERROR:process_memory_win.cc(73)] ReadMemory at 0x17566650000 of 64 bytes failed: Only part of a ReadProcessMemory or WriteProcessMemory request was completed. (0x12B)
[0609/085940.117:WARNING:pe_image_reader.cc(340)] could not read dos header from C:\Windows\System32\WS2_32.dll
[0609/085940.152:ERROR:process_memory_win.cc(73)] ReadMemory at 0x7ff7e5a60000 of 64 bytes failed: Only part of a ReadProcessMemory or WriteProcessMemory request was completed. (0x12B)
[0609/085940.152:WARNING:pe_image_reader.cc(340)] could not read dos header from C:\Program Files (x86)\Google\Chrome\Application\chrome.exe
[0609/085940.152:ERROR:process_memory_win.cc(73)] ReadMemory at 0x7ff93aa00000 of 64 bytes failed: Only part of a ReadProcessMemory or WriteProcessMemory request was completed. (0x12B)
[0609/085940.152:WARNING:pe_image_reader.cc(340)] could not read dos header from C:\Windows\SYSTEM32\ntdll.dll
[0609/085940.152:ERROR:process_memory_win.cc(73)] ReadMemory at 0x7ff93a7e0000 of 64 bytes failed: Only part of a ReadProcessMemory or WriteProcessMemory request was completed. (0x12B)
[0609/085940.152:WARNING:pe_image_reader.cc(340)] could not read dos header from C:\Windows\System32\KERNEL32.DLL
[0609/085940.152:ERROR:process_memory_win.cc(73)] ReadMemory at 0x7ff938700000 of 64 bytes failed: Only part of a ReadProcessMemory or WriteProcessMemory request was completed. (0x12B)
[0609/085940.152:WARNING:pe_image_reader.cc(340)] could not read dos header from C:\Windows\System32\KERNELBASE.dll
[0609/085940.152:ERROR:process_memory_win.cc(73)] ReadMemory at 0x7ff8f7e60000 of 64 bytes failed: Only part of a ReadProcessMemory or WriteProcessMemory request was completed. (0x12B)
[0609/085940.152:WARNING:pe_image_reader.cc(340)] could not read dos header from C:\Program Files (x86)\Google\Chrome\Application\83.0.4103.97\chrome_elf.dll
[0609/085940.152:ERROR:process_memory_win.cc(73)] ReadMemory at 0x7ff931ae0000 of 64 bytes failed: Only part of a ReadProcessMemory or WriteProcessMemory request was completed. (0x12B)
[0609/085940.152:WARNING:pe_image_reader.cc(340)] could not read dos header from C:\Windows\SYSTEM32\VERSION.dll
[0609/085940.152:ERROR:process_memory_win.cc(73)] ReadMemory at 0x7ff93a920000 of 64 bytes failed: Only part of a ReadProcessMemory or WriteProcessMemory request was completed. (0x12B)
[0609/085940.152:WARNING:pe_image_reader.cc(340)] could not read dos header from C:\Windows\System32\msvcrt.dll
[0609/085940.152:ERROR:process_memory_win.cc(73)] ReadMemory at 0x7ff937990000 of 64 bytes failed: Only part of a ReadProcessMemory or WriteProcessMemory request was completed. (0x12B)
[0609/085940.152:WARNING:pe_image_reader.cc(340)] could not read dos header from C:\Windows\System32\bcryptPrimitives.dll
[0609/085940.152:ERROR:process_memory_win.cc(73)] ReadMemory at 0x7ff938c30000 of 64 bytes failed: Only part of a ReadProcessMemory or WriteProcessMemory request was completed. (0x12B)
[0609/085940.152:WARNING:pe_image_reader.cc(340)] could not read dos header from C:\Windows\System32\ADVAPI32.dll
[0609/085940.152:ERROR:process_memory_win.cc(73)] ReadMemory at 0x7ff9396c0000 of 64 bytes failed: Only part of a ReadProcessMemory or WriteProcessMemory request was completed. (0x12B)
[0609/085940.152:WARNING:pe_image_reader.cc(340)] could not read dos header from C:\Windows\System32\sechost.dll
[0609/085940.152:ERROR:process_memory_win.cc(73)] ReadMemory at 0x7ff938d90000 of 64 bytes failed: Only part of a ReadProcessMemory or WriteProcessMemory request was completed. (0x12B)
[0609/085940.152:WARNING:pe_image_reader.cc(340)] could not read dos header from C:\Windows\System32\RPCRT4.dll
[0609/085940.152:ERROR:process_memory_win.cc(73)] ReadMemory at 0x7ff8b9590000 of 64 bytes failed: Only part of a ReadProcessMemory or WriteProcessMemory request was completed. (0x12B)
[0609/085940.152:WARNING:pe_image_reader.cc(340)] could not read dos header from C:\Program Files (x86)\Google\Chrome\Application\83.0.4103.97\chrome.dll
[0609/085940.152:ERROR:process_memory_win.cc(73)] ReadMemory at 0x17566650000 of 64 bytes failed: Only part of a ReadProcessMemory or WriteProcessMemory request was completed. (0x12B)
[0609/085940.152:WARNING:pe_image_reader.cc(340)] could not read dos header from C:\Windows\System32\WS2_32.dll
[0609/085940.152:ERROR:process_memory_win.cc(73)] ReadMemory at 0x7ff938b60000 of 64 bytes failed: Only part of a ReadProcessMemory or WriteProcessMemory request was completed. (0x12B)
[0609/085940.152:WARNING:pe_image_reader.cc(340)] could not read dos header from C:\Windows\System32\OLEAUT32.dll
[0609/085940.152:ERROR:process_memory_win.cc(73)] ReadMemory at 0x7ff938660000 of 64 bytes failed: Only part of a ReadProcessMemory or WriteProcessMemory request was completed. (0x12B)
[0609/085940.152:WARNING:pe_image_reader.cc(340)] could not read dos header from C:\Windows\System32\msvcp_win.dll
[0609/085940.152:ERROR:process_memory_win.cc(73)] ReadMemory at 0x7ff937a90000 of 64 bytes failed: Only part of a ReadProcessMemory or WriteProcessMemory request was completed. (0x12B)
[0609/085940.152:WARNING:pe_image_reader.cc(340)] could not read dos header from C:\Windows\System32\ucrtbase.dll
[0609/085940.152:ERROR:process_memory_win.cc(73)] ReadMemory at 0x7ff939320000 of 64 bytes failed: Only part of a ReadProcessMemory or WriteProcessMemory request was completed. (0x12B)
[0609/085940.152:WARNING:pe_image_reader.cc(340)] could not read dos header from C:\Windows\System32\combase.dll
[0609/085940.152:ERROR:process_memory_win.cc(73)] ReadMemory at 0x7ff937a30000 of 64 bytes failed: Only part of a ReadProcessMemory or WriteProcessMemory request was completed. (0x12B)
[0609/085940.152:WARNING:pe_image_reader.cc(340)] could not read dos header from C:\Windows\System32\WINTRUST.dll
[0609/085940.152:ERROR:process_memory_win.cc(73)] ReadMemory at 0x7ff9378d0000 of 64 bytes failed: Only part of a ReadProcessMemory or WriteProcessMemory request was completed. (0x12B)
[0609/085940.153:WARNING:pe_image_reader.cc(340)] could not read dos header from C:\Windows\System32\MSASN1.dll
[0609/085940.153:ERROR:process_memory_win.cc(73)] ReadMemory at 0x7ff937b90000 of 64 bytes failed: Only part of a ReadProcessMemory or WriteProcessMemory request was completed. (0x12B)
[0609/085940.153:WARNING:pe_image_reader.cc(340)] could not read dos header from C:\Windows\System32\CRYPT32.dll
[0609/085940.153:ERROR:process_memory_win.cc(73)] ReadMemory at 0x7ff936de0000 of 64 bytes failed: Only part of a ReadProcessMemory or WriteProcessMemory request was completed. (0x12B)
[0609/085940.153:WARNING:pe_image_reader.cc(340)] could not read dos header from C:\Windows\SYSTEM32\IPHLPAPI.DLL
[0609/085940.153:ERROR:process_memory_win.cc(73)] ReadMemory at 0x7ff9353c0000 of 64 bytes failed: Only part of a ReadProcessMemory or WriteProcessMemory request was completed. (0x12B)
[0609/085940.153:WARNING:pe_image_reader.cc(340)] could not read dos header from C:\Windows\SYSTEM32\WINMM.dll
[0609/085940.153:ERROR:process_memory_win.cc(73)] ReadMemory at 0x7ff927a90000 of 64 bytes failed: Only part of a ReadProcessMemory or WriteProcessMemory request was completed. (0x12B)
[0609/085940.153:WARNING:pe_image_reader.cc(340)] could not read dos header from C:\Windows\SYSTEM32\Secur32.dll
[0609/085940.153:ERROR:process_memory_win.cc(73)] ReadMemory at 0x7ff9377e0000 of 64 bytes failed: Only part of a ReadProcessMemory or WriteProcessMemory request was completed. (0x12B)
[0609/085940.153:WARNING:pe_image_reader.cc(340)] could not read dos header from C:\Windows\SYSTEM32\USERENV.dll
[0609/085940.153:ERROR:process_memory_win.cc(73)] ReadMemory at 0x7ff937960000 of 64 bytes failed: Only part of a ReadProcessMemory or WriteProcessMemory request was completed. (0x12B)
[0609/085940.153:WARNING:pe_image_reader.cc(340)] could not read dos header from C:\Windows\System32\profapi.dll
[0609/085940.153:ERROR:process_memory_win.cc(73)] ReadMemory at 0x7ff913dc0000 of 64 bytes failed: Only part of a ReadProcessMemory or WriteProcessMemory request was completed. (0x12B)
[0609/085940.153:WARNING:pe_image_reader.cc(340)] could not read dos header from C:\Windows\SYSTEM32\UIAutomationCore.DLL
[0609/085940.153:ERROR:process_memory_win.cc(73)] ReadMemory at 0x7ff91c1c0000 of 64 bytes failed: Only part of a ReadProcessMemory or WriteProcessMemory request was completed. (0x12B)
[0609/085940.153:WARNING:pe_image_reader.cc(340)] could not read dos header from C:\Windows\SYSTEM32\DWrite.dll
[0609/085940.153:ERROR:process_memory_win.cc(73)] ReadMemory at 0x7ff910a80000 of 64 bytes failed: Only part of a ReadProcessMemory or WriteProcessMemory request was completed. (0x12B)
[0609/085940.153:WARNING:pe_image_reader.cc(340)] could not read dos header from C:\Windows\SYSTEM32\WINSPOOL.DRV
[0609/085940.153:ERROR:process_memory_win.cc(73)] ReadMemory at 0x7ff9378f0000 of 64 bytes failed: Only part of a ReadProcessMemory or WriteProcessMemory request was completed. (0x12B)
[0609/085940.153:WARNING:pe_image_reader.cc(340)] could not read dos header from C:\Windows\System32\kernel.appcore.dll
[0609/085940.153:ERROR:process_memory_win.cc(73)] ReadMemory at 0x7ff938630000 of 64 bytes failed: Only part of a ReadProcessMemory or WriteProcessMemory request was completed. (0x12B)
[0609/085940.153:WARNING:pe_image_reader.cc(340)] could not read dos header from C:\Windows\System32\bcrypt.dll
[0609/085940.153:ERROR:process_memory_win.cc(73)] ReadMemory at 0x7ff9361e0000 of 64 bytes failed: Only part of a ReadProcessMemory or WriteProcessMemory request was completed. (0x12B)
[0609/085940.153:WARNING:pe_image_reader.cc(340)] could not read dos header from C:\Windows\SYSTEM32\dbghelp.dll
[0609/085940.153:ERROR:process_memory_win.cc(73)] ReadMemory at 0x7ff931b30000 of 64 bytes failed: Only part of a ReadProcessMemory or WriteProcessMemory request was completed. (0x12B)
[0609/085940.153:WARNING:pe_image_reader.cc(340)] could not read dos header from C:\Windows\SYSTEM32\WINHTTP.dll
[0609/085940.153:ERROR:process_memory_win.cc(73)] ReadMemory at 0x7ff9302a0000 of 64 bytes failed: Only part of a ReadProcessMemory or WriteProcessMemory request was completed. (0x12B)
[0609/085940.153:WARNING:pe_image_reader.cc(340)] could not read dos header from C:\Windows\SYSTEM32\dhcpcsvc.DLL
[0609/085940.153:ERROR:process_memory_win.cc(73)] ReadMemory at 0x7ff93a910000 of 64 bytes failed: Only part of a ReadProcessMemory or WriteProcessMemory request was completed. (0x12B)
[0609/085940.153:WARNING:pe_image_reader.cc(340)] could not read dos header from C:\Windows\System32\NSI.dll
[0609/085940.153:ERROR:process_memory_win.cc(73)] ReadMemory at 0x7ff9352a0000 of 64 bytes failed: Only part of a ReadProcessMemory or WriteProcessMemory request was completed. (0x12B)
[0609/085940.153:WARNING:pe_image_reader.cc(340)] could not read dos header from C:\Windows\SYSTEM32\WINMMBASE.dll
[0609/085940.153:ERROR:process_memory_win.cc(73)] ReadMemory at 0x7ff9389b0000 of 64 bytes failed: Only part of a ReadProcessMemory or WriteProcessMemory request was completed. (0x12B)
[0609/085940.153:WARNING:pe_image_reader.cc(340)] could not read dos header from C:\Windows\System32\cfgmgr32.dll
[0609/085940.153:ERROR:process_memory_win.cc(73)] ReadMemory at 0x7ff9352d0000 of 64 bytes failed: Only part of a ReadProcessMemory or WriteProcessMemory request was completed. (0x12B)
[0609/085940.153:WARNING:pe_image_reader.cc(340)] could not read dos header from C:\Windows\SYSTEM32\PROPSYS.dll
[0609/085940.153:ERROR:process_memory_win.cc(73)] ReadMemory at 0x7ff938ce0000 of 64 bytes failed: Only part of a ReadProcessMemory or WriteProcessMemory request was completed. (0x12B)
[0609/085940.153:WARNING:pe_image_reader.cc(340)] could not read dos header from C:\Windows\System32\shcore.dll
[0609/085940.153:ERROR:process_memory_win.cc(73)] ReadMemory at 0x7ff9377b0000 of 64 bytes failed: Only part of a ReadProcessMemory or WriteProcessMemory request was completed. (0x12B)
[0609/085940.153:WARNING:pe_image_reader.cc(340)] could not read dos header from C:\Windows\SYSTEM32\SSPICLI.DLL
[0609/085940.153:ERROR:process_memory_win.cc(73)] ReadMemory at 0x7ff9372a0000 of 64 bytes failed: Only part of a ReadProcessMemory or WriteProcessMemory request was completed. (0x12B)
[0609/085940.153:WARNING:pe_image_reader.cc(340)] could not read dos header from C:\Windows\SYSTEM32\CRYPTBASE.DLL
[0609/085940.156:ERROR:process_memory_win.cc(73)] ReadMemory at 0x7ff7e5a60000 of 64 bytes failed: Only part of a ReadProcessMemory or WriteProcessMemory request was completed. (0x12B)
[0609/085940.156:WARNING:pe_image_reader.cc(340)] could not read dos header from C:\Program Files (x86)\Google\Chrome\Application\chrome.exe
[0609/085940.156:ERROR:process_memory_win.cc(73)] ReadMemory at 0x7ff93aa00000 of 64 bytes failed: Only part of a ReadProcessMemory or WriteProcessMemory request was completed. (0x12B)
[0609/085940.156:WARNING:pe_image_reader.cc(340)] could not read dos header from C:\Windows\SYSTEM32\ntdll.dll
[0609/085940.156:ERROR:process_memory_win.cc(73)] ReadMemory at 0x7ff93a7e0000 of 64 bytes failed: Only part of a ReadProcessMemory or WriteProcessMemory request was completed. (0x12B)
[0609/085940.156:WARNING:pe_image_reader.cc(340)] could not read dos header from C:\Windows\System32\KERNEL32.DLL
[0609/085940.156:ERROR:process_memory_win.cc(73)] ReadMemory at 0x7ff938700000 of 64 bytes failed: Only part of a ReadProcessMemory or WriteProcessMemory request was completed. (0x12B)
[0609/085940.156:WARNING:pe_image_reader.cc(340)] could not read dos header from C:\Windows\System32\KERNELBASE.dll
[0609/085940.156:ERROR:process_memory_win.cc(73)] ReadMemory at 0x7ff8f7e60000 of 64 bytes failed: Only part of a ReadProcessMemory or WriteProcessMemory request was completed. (0x12B)
[0609/085940.156:WARNING:pe_image_reader.cc(340)] could not read dos header from C:\Program Files (x86)\Google\Chrome\Application\83.0.4103.97\chrome_elf.dll
[0609/085940.156:ERROR:process_memory_win.cc(73)] ReadMemory at 0x7ff931ae0000 of 64 bytes failed: Only part of a ReadProcessMemory or WriteProcessMemory request was completed. (0x12B)
[0609/085940.156:WARNING:pe_image_reader.cc(340)] could not read dos header from C:\Windows\SYSTEM32\VERSION.dll
[0609/085940.156:ERROR:process_memory_win.cc(73)] ReadMemory at 0x7ff93a920000 of 64 bytes failed: Only part of a ReadProcessMemory or WriteProcessMemory request was completed. (0x12B)
[0609/085940.156:WARNING:pe_image_reader.cc(340)] could not read dos header from C:\Windows\System32\msvcrt.dll
[0609/085940.156:ERROR:process_memory_win.cc(73)] ReadMemory at 0x7ff937990000 of 64 bytes failed: Only part of a ReadProcessMemory or WriteProcessMemory request was completed. (0x12B)
[0609/085940.156:WARNING:pe_image_reader.cc(340)] could not read dos header from C:\Windows\System32\bcryptPrimitives.dll
[0609/085940.156:ERROR:process_memory_win.cc(73)] ReadMemory at 0x7ff938c30000 of 64 bytes failed: Only part of a ReadProcessMemory or WriteProcessMemory request was completed. (0x12B)
[0609/085940.156:WARNING:pe_image_reader.cc(340)] could not read dos header from C:\Windows\System32\ADVAPI32.dll
[0609/085940.156:ERROR:process_memory_win.cc(73)] ReadMemory at 0x7ff9396c0000 of 64 bytes failed: Only part of a ReadProcessMemory or WriteProcessMemory request was completed. (0x12B)
[0609/085940.156:WARNING:pe_image_reader.cc(340)] could not read dos header from C:\Windows\System32\sechost.dll
[0609/085940.156:ERROR:process_memory_win.cc(73)] ReadMemory at 0x7ff938d90000 of 64 bytes failed: Only part of a ReadProcessMemory or WriteProcessMemory request was completed. (0x12B)
[0609/085940.156:WARNING:pe_image_reader.cc(340)] could not read dos header from C:\Windows\System32\RPCRT4.dll
[0609/085940.156:ERROR:process_memory_win.cc(73)] ReadMemory at 0x7ff8b9590000 of 64 bytes failed: Only part of a ReadProcessMemory or WriteProcessMemory request was completed. (0x12B)
[0609/085940.156:WARNING:pe_image_reader.cc(340)] could not read dos header from C:\Program Files (x86)\Google\Chrome\Application\83.0.4103.97\chrome.dll
[0609/085940.156:ERROR:process_memory_win.cc(73)] ReadMemory at 0x17566650000 of 64 bytes failed: Only part of a ReadProcessMemory or WriteProcessMemory request was completed. (0x12B)
[0609/085940.156:WARNING:pe_image_reader.cc(340)] could not read dos header from C:\Windows\System32\WS2_32.dll
[0609/085940.156:ERROR:process_memory_win.cc(73)] ReadMemory at 0x7ff938b60000 of 64 bytes failed: Only part of a ReadProcessMemory or WriteProcessMemory request was completed. (0x12B)
[0609/085940.156:WARNING:pe_image_reader.cc(340)] could not read dos header from C:\Windows\System32\OLEAUT32.dll
[0609/085940.156:ERROR:process_memory_win.cc(73)] ReadMemory at 0x7ff938660000 of 64 bytes failed: Only part of a ReadProcessMemory or WriteProcessMemory request was completed. (0x12B)
[0609/085940.156:WARNING:pe_image_reader.cc(340)] could not read dos header from C:\Windows\System32\msvcp_win.dll
[0609/085940.156:ERROR:process_memory_win.cc(73)] ReadMemory at 0x7ff937a90000 of 64 bytes failed: Only part of a ReadProcessMemory or WriteProcessMemory request was completed. (0x12B)
[0609/085940.156:WARNING:pe_image_reader.cc(340)] could not read dos header from C:\Windows\System32\ucrtbase.dll
[0609/085940.156:ERROR:process_memory_win.cc(73)] ReadMemory at 0x7ff939320000 of 64 bytes failed: Only part of a ReadProcessMemory or WriteProcessMemory request was completed. (0x12B)
[0609/085940.156:WARNING:pe_image_reader.cc(340)] could not read dos header from C:\Windows\System32\combase.dll
[0609/085940.156:ERROR:process_memory_win.cc(73)] ReadMemory at 0x7ff937a30000 of 64 bytes failed: Only part of a ReadProcessMemory or WriteProcessMemory request was completed. (0x12B)
[0609/085940.156:WARNING:pe_image_reader.cc(340)] could not read dos header from C:\Windows\System32\WINTRUST.dll
[0609/085940.156:ERROR:process_memory_win.cc(73)] ReadMemory at 0x7ff9378d0000 of 64 bytes failed: Only part of a ReadProcessMemory or WriteProcessMemory request was completed. (0x12B)
[0609/085940.156:WARNING:pe_image_reader.cc(340)] could not read dos header from C:\Windows\System32\MSASN1.dll
[0609/085940.156:ERROR:process_memory_win.cc(73)] ReadMemory at 0x7ff937b90000 of 64 bytes failed: Only part of a ReadProcessMemory or WriteProcessMemory request was completed. (0x12B)
[0609/085940.156:WARNING:pe_image_reader.cc(340)] could not read dos header from C:\Windows\System32\CRYPT32.dll
[0609/085940.156:ERROR:process_memory_win.cc(73)] ReadMemory at 0x7ff936de0000 of 64 bytes failed: Only part of a ReadProcessMemory or WriteProcessMemory request was completed. (0x12B)
[0609/085940.157:WARNING:pe_image_reader.cc(340)] could not read dos header from C:\Windows\SYSTEM32\IPHLPAPI.DLL
[0609/085940.157:ERROR:process_memory_win.cc(73)] ReadMemory at 0x7ff9353c0000 of 64 bytes failed: Only part of a ReadProcessMemory or WriteProcessMemory request was completed. (0x12B)
[0609/085940.157:WARNING:pe_image_reader.cc(340)] could not read dos header from C:\Windows\SYSTEM32\WINMM.dll
[0609/085940.157:ERROR:process_memory_win.cc(73)] ReadMemory at 0x7ff927a90000 of 64 bytes failed: Only part of a ReadProcessMemory or WriteProcessMemory request was completed. (0x12B)
[0609/085940.157:WARNING:pe_image_reader.cc(340)] could not read dos header from C:\Windows\SYSTEM32\Secur32.dll
[0609/085940.157:ERROR:process_memory_win.cc(73)] ReadMemory at 0x7ff9377e0000 of 64 bytes failed: Only part of a ReadProcessMemory or WriteProcessMemory request was completed. (0x12B)
[0609/085940.157:WARNING:pe_image_reader.cc(340)] could not read dos header from C:\Windows\SYSTEM32\USERENV.dll
[0609/085940.157:ERROR:process_memory_win.cc(73)] ReadMemory at 0x7ff937960000 of 64 bytes failed: Only part of a ReadProcessMemory or WriteProcessMemory request was completed. (0x12B)
[0609/085940.157:WARNING:pe_image_reader.cc(340)] could not read dos header from C:\Windows\System32\profapi.dll
[0609/085940.157:ERROR:process_memory_win.cc(73)] ReadMemory at 0x7ff913dc0000 of 64 bytes failed: Only part of a ReadProcessMemory or WriteProcessMemory request was completed. (0x12B)
[0609/085940.157:WARNING:pe_image_reader.cc(340)] could not read dos header from C:\Windows\SYSTEM32\UIAutomationCore.DLL
[0609/085940.157:ERROR:process_memory_win.cc(73)] ReadMemory at 0x7ff91c1c0000 of 64 bytes failed: Only part of a ReadProcessMemory or WriteProcessMemory request was completed. (0x12B)
[0609/085940.157:WARNING:pe_image_reader.cc(340)] could not read dos header from C:\Windows\SYSTEM32\DWrite.dll
[0609/085940.157:ERROR:process_memory_win.cc(73)] ReadMemory at 0x7ff910a80000 of 64 bytes failed: Only part of a ReadProcessMemory or WriteProcessMemory request was completed. (0x12B)
[0609/085940.157:WARNING:pe_image_reader.cc(340)] could not read dos header from C:\Windows\SYSTEM32\WINSPOOL.DRV
[0609/085940.157:ERROR:process_memory_win.cc(73)] ReadMemory at 0x7ff9378f0000 of 64 bytes failed: Only part of a ReadProcessMemory or WriteProcessMemory request was completed. (0x12B)
[0609/085940.157:WARNING:pe_image_reader.cc(340)] could not read dos header from C:\Windows\System32\kernel.appcore.dll
[0609/085940.157:ERROR:process_memory_win.cc(73)] ReadMemory at 0x7ff938630000 of 64 bytes failed: Only part of a ReadProcessMemory or WriteProcessMemory request was completed. (0x12B)
[0609/085940.157:WARNING:pe_image_reader.cc(340)] could not read dos header from C:\Windows\System32\bcrypt.dll
[0609/085940.157:ERROR:process_memory_win.cc(73)] ReadMemory at 0x7ff9361e0000 of 64 bytes failed: Only part of a ReadProcessMemory or WriteProcessMemory request was completed. (0x12B)
[0609/085940.157:WARNING:pe_image_reader.cc(340)] could not read dos header from C:\Windows\SYSTEM32\dbghelp.dll
[0609/085940.157:ERROR:process_memory_win.cc(73)] ReadMemory at 0x7ff931b30000 of 64 bytes failed: Only part of a ReadProcessMemory or WriteProcessMemory request was completed. (0x12B)
[0609/085940.157:WARNING:pe_image_reader.cc(340)] could not read dos header from C:\Windows\SYSTEM32\WINHTTP.dll
[0609/085940.157:ERROR:process_memory_win.cc(73)] ReadMemory at 0x7ff9302a0000 of 64 bytes failed: Only part of a ReadProcessMemory or WriteProcessMemory request was completed. (0x12B)
[0609/085940.157:WARNING:pe_image_reader.cc(340)] could not read dos header from C:\Windows\SYSTEM32\dhcpcsvc.DLL
[0609/085940.157:ERROR:process_memory_win.cc(73)] ReadMemory at 0x7ff93a910000 of 64 bytes failed: Only part of a ReadProcessMemory or WriteProcessMemory request was completed. (0x12B)
[0609/085940.157:WARNING:pe_image_reader.cc(340)] could not read dos header from C:\Windows\System32\NSI.dll
[0609/085940.157:ERROR:process_memory_win.cc(73)] ReadMemory at 0x7ff9352a0000 of 64 bytes failed: Only part of a ReadProcessMemory or WriteProcessMemory request was completed. (0x12B)
[0609/085940.157:WARNING:pe_image_reader.cc(340)] could not read dos header from C:\Windows\SYSTEM32\WINMMBASE.dll
[0609/085940.157:ERROR:process_memory_win.cc(73)] ReadMemory at 0x7ff9389b0000 of 64 bytes failed: Only part of a ReadProcessMemory or WriteProcessMemory request was completed. (0x12B)
[0609/085940.157:WARNING:pe_image_reader.cc(340)] could not read dos header from C:\Windows\System32\cfgmgr32.dll
[0609/085940.157:ERROR:process_memory_win.cc(73)] ReadMemory at 0x7ff9352d0000 of 64 bytes failed: Only part of a ReadProcessMemory or WriteProcessMemory request was completed. (0x12B)
[0609/085940.157:WARNING:pe_image_reader.cc(340)] could not read dos header from C:\Windows\SYSTEM32\PROPSYS.dll
[0609/085940.157:ERROR:process_memory_win.cc(73)] ReadMemory at 0x7ff938ce0000 of 64 bytes failed: Only part of a ReadProcessMemory or WriteProcessMemory request was completed. (0x12B)
[0609/085940.157:WARNING:pe_image_reader.cc(340)] could not read dos header from C:\Windows\System32\shcore.dll
[0609/085940.157:ERROR:process_memory_win.cc(73)] ReadMemory at 0x7ff9377b0000 of 64 bytes failed: Only part of a ReadProcessMemory or WriteProcessMemory request was completed. (0x12B)
[0609/085940.157:WARNING:pe_image_reader.cc(340)] could not read dos header from C:\Windows\SYSTEM32\SSPICLI.DLL
[0609/085940.157:ERROR:process_memory_win.cc(73)] ReadMemory at 0x7ff9372a0000 of 64 bytes failed: Only part of a ReadProcessMemory or WriteProcessMemory request was completed. (0x12B)
[0609/085940.157:WARNING:pe_image_reader.cc(340)] could not read dos header from C:\Windows\SYSTEM32\CRYPTBASE.DLL
[0609/085940.157:ERROR:process_memory_win.cc(73)] ReadMemory at 0x7ff7e5a60000 of 64 bytes failed: Only part of a ReadProcessMemory or WriteProcessMemory request was completed. (0x12B)
[0609/085940.157:WARNING:pe_image_reader.cc(340)] could not read dos header from C:\Program Files (x86)\Google\Chrome\Application\chrome.exe
[0609/085940.157:ERROR:process_memory_win.cc(73)] ReadMemory at 0x7ff93aa00000 of 64 bytes failed: Only part of a ReadProcessMemory or WriteProcessMemory request was completed. (0x12B)
[0609/085940.157:WARNING:pe_image_reader.cc(340)] could not read dos header from C:\Windows\SYSTEM32\ntdll.dll
[0609/085940.157:ERROR:process_memory_win.cc(73)] ReadMemory at 0x7ff93a7e0000 of 64 bytes failed: Only part of a ReadProcessMemory or WriteProcessMemory request was completed. (0x12B)
[0609/085940.157:WARNING:pe_image_reader.cc(340)] could not read dos header from C:\Windows\System32\KERNEL32.DLL
[0609/085940.157:ERROR:process_memory_win.cc(73)] ReadMemory at 0x7ff938700000 of 64 bytes failed: Only part of a ReadProcessMemory or WriteProcessMemory request was completed. (0x12B)
[0609/085940.157:WARNING:pe_image_reader.cc(340)] could not read dos header from C:\Windows\System32\KERNELBASE.dll
[0609/085940.157:ERROR:process_memory_win.cc(73)] ReadMemory at 0x7ff8f7e60000 of 64 bytes failed: Only part of a ReadProcessMemory or WriteProcessMemory request was completed. (0x12B)
[0609/085940.157:WARNING:pe_image_reader.cc(340)] could not read dos header from C:\Program Files (x86)\Google\Chrome\Application\83.0.4103.97\chrome_elf.dll
[0609/085940.157:ERROR:process_memory_win.cc(73)] ReadMemory at 0x7ff931ae0000 of 64 bytes failed: Only part of a ReadProcessMemory or WriteProcessMemory request was completed. (0x12B)
[0609/085940.157:WARNING:pe_image_reader.cc(340)] could not read dos header from C:\Windows\SYSTEM32\VERSION.dll
[0609/085940.157:ERROR:process_memory_win.cc(73)] ReadMemory at 0x7ff93a920000 of 64 bytes failed: Only part of a ReadProcessMemory or WriteProcessMemory request was completed. (0x12B)
[0609/085940.157:WARNING:pe_image_reader.cc(340)] could not read dos header from C:\Windows\System32\msvcrt.dll
[0609/085940.157:ERROR:process_memory_win.cc(73)] ReadMemory at 0x7ff937990000 of 64 bytes failed: Only part of a ReadProcessMemory or WriteProcessMemory request was completed. (0x12B)
[0609/085940.157:WARNING:pe_image_reader.cc(340)] could not read dos header from C:\Windows\System32\bcryptPrimitives.dll
[0609/085940.157:ERROR:process_memory_win.cc(73)] ReadMemory at 0x7ff938c30000 of 64 bytes failed: Only part of a ReadProcessMemory or WriteProcessMemory request was completed. (0x12B)
[0609/085940.157:WARNING:pe_image_reader.cc(340)] could not read dos header from C:\Windows\System32\ADVAPI32.dll
[0609/085940.157:ERROR:process_memory_win.cc(73)] ReadMemory at 0x7ff9396c0000 of 64 bytes failed: Only part of a ReadProcessMemory or WriteProcessMemory request was completed. (0x12B)
[0609/085940.157:WARNING:pe_image_reader.cc(340)] could not read dos header from C:\Windows\System32\sechost.dll
[0609/085940.158:ERROR:process_memory_win.cc(73)] ReadMemory at 0x7ff938d90000 of 64 bytes failed: Only part of a ReadProcessMemory or WriteProcessMemory request was completed. (0x12B)
[0609/085940.158:WARNING:pe_image_reader.cc(340)] could not read dos header from C:\Windows\System32\RPCRT4.dll
[0609/085940.158:ERROR:process_memory_win.cc(73)] ReadMemory at 0x7ff8b9590000 of 64 bytes failed: Only part of a ReadProcessMemory or WriteProcessMemory request was completed. (0x12B)
[0609/085940.158:WARNING:pe_image_reader.cc(340)] could not read dos header from C:\Program Files (x86)\Google\Chrome\Application\83.0.4103.97\chrome.dll
[0609/085940.158:ERROR:process_memory_win.cc(73)] ReadMemory at 0x17566650000 of 64 bytes failed: Only part of a ReadProcessMemory or WriteProcessMemory request was completed. (0x12B)
[0609/085940.158:WARNING:pe_image_reader.cc(340)] could not read dos header from C:\Windows\System32\WS2_32.dll
[0609/085940.158:ERROR:process_memory_win.cc(73)] ReadMemory at 0x7ff938b60000 of 64 bytes failed: Only part of a ReadProcessMemory or WriteProcessMemory request was completed. (0x12B)
[0609/085940.158:WARNING:pe_image_reader.cc(340)] could not read dos header from C:\Windows\System32\OLEAUT32.dll
[0609/085940.158:ERROR:process_memory_win.cc(73)] ReadMemory at 0x7ff938660000 of 64 bytes failed: Only part of a ReadProcessMemory or WriteProcessMemory request was completed. (0x12B)
[0609/085940.158:WARNING:pe_image_reader.cc(340)] could not read dos header from C:\Windows\System32\msvcp_win.dll
[0609/085940.158:ERROR:process_memory_win.cc(73)] ReadMemory at 0x7ff937a90000 of 64 bytes failed: Only part of a ReadProcessMemory or WriteProcessMemory request was completed. (0x12B)
[0609/085940.158:WARNING:pe_image_reader.cc(340)] could not read dos header from C:\Windows\System32\ucrtbase.dll
[0609/085940.158:ERROR:process_memory_win.cc(73)] ReadMemory at 0x7ff939320000 of 64 bytes failed: Only part of a ReadProcessMemory or WriteProcessMemory request was completed. (0x12B)
[0609/085940.158:WARNING:pe_image_reader.cc(340)] could not read dos header from C:\Windows\System32\combase.dll
[0609/085940.158:ERROR:process_memory_win.cc(73)] ReadMemory at 0x7ff937a30000 of 64 bytes failed: Only part of a ReadProcessMemory or WriteProcessMemory request was completed. (0x12B)
[0609/085940.158:WARNING:pe_image_reader.cc(340)] could not read dos header from C:\Windows\System32\WINTRUST.dll
[0609/085940.158:ERROR:process_memory_win.cc(73)] ReadMemory at 0x7ff9378d0000 of 64 bytes failed: Only part of a ReadProcessMemory or WriteProcessMemory request was completed. (0x12B)
[0609/085940.158:WARNING:pe_image_reader.cc(340)] could not read dos header from C:\Windows\System32\MSASN1.dll
[0609/085940.158:ERROR:process_memory_win.cc(73)] ReadMemory at 0x7ff937b90000 of 64 bytes failed: Only part of a ReadProcessMemory or WriteProcessMemory request was completed. (0x12B)
[0609/085940.158:WARNING:pe_image_reader.cc(340)] could not read dos header from C:\Windows\System32\CRYPT32.dll
[0609/085940.158:ERROR:process_memory_win.cc(73)] ReadMemory at 0x7ff936de0000 of 64 bytes failed: Only part of a ReadProcessMemory or WriteProcessMemory request was completed. (0x12B)
[0609/085940.158:WARNING:pe_image_reader.cc(340)] could not read dos header from C:\Windows\SYSTEM32\IPHLPAPI.DLL
[0609/085940.158:ERROR:process_memory_win.cc(73)] ReadMemory at 0x7ff9353c0000 of 64 bytes failed: Only part of a ReadProcessMemory or WriteProcessMemory request was completed. (0x12B)
[0609/085940.158:WARNING:pe_image_reader.cc(340)] could not read dos header from C:\Windows\SYSTEM32\WINMM.dll
[0609/085940.158:ERROR:process_memory_win.cc(73)] ReadMemory at 0x7ff927a90000 of 64 bytes failed: Only part of a ReadProcessMemory or WriteProcessMemory request was completed. (0x12B)
[0609/085940.158:WARNING:pe_image_reader.cc(340)] could not read dos header from C:\Windows\SYSTEM32\Secur32.dll
[0609/085940.158:ERROR:process_memory_win.cc(73)] ReadMemory at 0x7ff9377e0000 of 64 bytes failed: Only part of a ReadProcessMemory or WriteProcessMemory request was completed. (0x12B)
[0609/085940.158:WARNING:pe_image_reader.cc(340)] could not read dos header from C:\Windows\SYSTEM32\USERENV.dll
[0609/085940.158:ERROR:process_memory_win.cc(73)] ReadMemory at 0x7ff937960000 of 64 bytes failed: Only part of a ReadProcessMemory or WriteProcessMemory request was completed. (0x12B)
[0609/085940.158:WARNING:pe_image_reader.cc(340)] could not read dos header from C:\Windows\System32\profapi.dll
[0609/085940.158:ERROR:process_memory_win.cc(73)] ReadMemory at 0x7ff913dc0000 of 64 bytes failed: Only part of a ReadProcessMemory or WriteProcessMemory request was completed. (0x12B)
[0609/085940.158:WARNING:pe_image_reader.cc(340)] could not read dos header from C:\Windows\SYSTEM32\UIAutomationCore.DLL
[0609/085940.158:ERROR:process_memory_win.cc(73)] ReadMemory at 0x7ff91c1c0000 of 64 bytes failed: Only part of a ReadProcessMemory or WriteProcessMemory request was completed. (0x12B)
[0609/085940.158:WARNING:pe_image_reader.cc(340)] could not read dos header from C:\Windows\SYSTEM32\DWrite.dll
[0609/085940.158:ERROR:process_memory_win.cc(73)] ReadMemory at 0x7ff910a80000 of 64 bytes failed: Only part of a ReadProcessMemory or WriteProcessMemory request was completed. (0x12B)
[0609/085940.158:WARNING:pe_image_reader.cc(340)] could not read dos header from C:\Windows\SYSTEM32\WINSPOOL.DRV
[0609/085940.158:ERROR:process_memory_win.cc(73)] ReadMemory at 0x7ff9378f0000 of 64 bytes failed: Only part of a ReadProcessMemory or WriteProcessMemory request was completed. (0x12B)
[0609/085940.158:WARNING:pe_image_reader.cc(340)] could not read dos header from C:\Windows\System32\kernel.appcore.dll
[0609/085940.158:ERROR:process_memory_win.cc(73)] ReadMemory at 0x7ff938630000 of 64 bytes failed: Only part of a ReadProcessMemory or WriteProcessMemory request was completed. (0x12B)
[0609/085940.158:WARNING:pe_image_reader.cc(340)] could not read dos header from C:\Windows\System32\bcrypt.dll
[0609/085940.158:ERROR:process_memory_win.cc(73)] ReadMemory at 0x7ff9361e0000 of 64 bytes failed: Only part of a ReadProcessMemory or WriteProcessMemory request was completed. (0x12B)
[0609/085940.158:WARNING:pe_image_reader.cc(340)] could not read dos header from C:\Windows\SYSTEM32\dbghelp.dll
[0609/085940.158:ERROR:process_memory_win.cc(73)] ReadMemory at 0x7ff931b30000 of 64 bytes failed: Only part of a ReadProcessMemory or WriteProcessMemory request was completed. (0x12B)
[0609/085940.158:WARNING:pe_image_reader.cc(340)] could not read dos header from C:\Windows\SYSTEM32\WINHTTP.dll
[0609/085940.158:ERROR:process_memory_win.cc(73)] ReadMemory at 0x7ff9302a0000 of 64 bytes failed: Only part of a ReadProcessMemory or WriteProcessMemory request was completed. (0x12B)
[0609/085940.158:WARNING:pe_image_reader.cc(340)] could not read dos header from C:\Windows\SYSTEM32\dhcpcsvc.DLL
[0609/085940.158:ERROR:process_memory_win.cc(73)] ReadMemory at 0x7ff93a910000 of 64 bytes failed: Only part of a ReadProcessMemory or WriteProcessMemory request was completed. (0x12B)
[0609/085940.158:WARNING:pe_image_reader.cc(340)] could not read dos header from C:\Windows\System32\NSI.dll
[0609/085940.158:ERROR:process_memory_win.cc(73)] ReadMemory at 0x7ff9352a0000 of 64 bytes failed: Only part of a ReadProcessMemory or WriteProcessMemory request was completed. (0x12B)
[0609/085940.158:WARNING:pe_image_reader.cc(340)] could not read dos header from C:\Windows\SYSTEM32\WINMMBASE.dll
[0609/085940.159:ERROR:process_memory_win.cc(73)] ReadMemory at 0x7ff9389b0000 of 64 bytes failed: Only part of a ReadProcessMemory or WriteProcessMemory request was completed. (0x12B)
[0609/085940.159:WARNING:pe_image_reader.cc(340)] could not read dos header from C:\Windows\System32\cfgmgr32.dll
[0609/085940.159:ERROR:process_memory_win.cc(73)] ReadMemory at 0x7ff9352d0000 of 64 bytes failed: Only part of a ReadProcessMemory or WriteProcessMemory request was completed. (0x12B)
[0609/085940.159:WARNING:pe_image_reader.cc(340)] could not read dos header from C:\Windows\SYSTEM32\PROPSYS.dll
[0609/085940.159:ERROR:process_memory_win.cc(73)] ReadMemory at 0x7ff938ce0000 of 64 bytes failed: Only part of a ReadProcessMemory or WriteProcessMemory request was completed. (0x12B)
[0609/085940.159:WARNING:pe_image_reader.cc(340)] could not read dos header from C:\Windows\System32\shcore.dll
[0609/085940.159:ERROR:process_memory_win.cc(73)] ReadMemory at 0x7ff9377b0000 of 64 bytes failed: Only part of a ReadProcessMemory or WriteProcessMemory request was completed. (0x12B)
[0609/085940.159:WARNING:pe_image_reader.cc(340)] could not read dos header from C:\Windows\SYSTEM32\SSPICLI.DLL
[0609/085940.159:ERROR:process_memory_win.cc(73)] ReadMemory at 0x7ff9372a0000 of 64 bytes failed: Only part of a ReadProcessMemory or WriteProcessMemory request was completed. (0x12B)
[0609/085940.159:WARNING:pe_image_reader.cc(340)] could not read dos header from C:\Windows\SYSTEM32\CRYPTBASE.DLL
[0609/085940.165:ERROR:process_memory_win.cc(73)] ReadMemory at 0x167abf7000 of 36864 bytes failed: Only part of a ReadProcessMemory or WriteProcessMemory request was completed. (0x12B)
[0609/085940.165:ERROR:process_memory_win.cc(73)] ReadMemory at 0x167b3fd000 of 12288 bytes failed: Only part of a ReadProcessMemory or WriteProcessMemory request was completed. (0x12B)
[0609/085940.165:ERROR:process_memory_win.cc(73)] ReadMemory at 0x167bbfc000 of 16384 bytes failed: Only part of a ReadProcessMemory or WriteProcessMemory request was completed. (0x12B)
[0609/085940.165:ERROR:process_memory_win.cc(73)] ReadMemory at 0x167c3fc000 of 16384 bytes failed: Only part of a ReadProcessMemory or WriteProcessMemory request was completed. (0x12B)
[0609/085940.165:ERROR:process_memory_win.cc(73)] ReadMemory at 0x167cbfc000 of 16384 bytes failed: Only part of a ReadProcessMemory or WriteProcessMemory request was completed. (0x12B)
[0609/085940.165:ERROR:process_memory_win.cc(73)] ReadMemory at 0x167d3fe000 of 8192 bytes failed: Only part of a ReadProcessMemory or WriteProcessMemory request was completed. (0x12B)
[0609/085940.165:ERROR:process_memory_win.cc(73)] ReadMemory at 0x167dbfd000 of 12288 bytes failed: Only part of a ReadProcessMemory or WriteProcessMemory request was completed. (0x12B)
[0609/085940.165:ERROR:process_memory_win.cc(73)] ReadMemory at 0x167e3fb000 of 20480 bytes failed: Only part of a ReadProcessMemory or WriteProcessMemory request was completed. (0x12B)
[0609/085940.165:ERROR:process_memory_win.cc(73)] ReadMemory at 0x167ebfd000 of 12288 bytes failed: Only part of a ReadProcessMemory or WriteProcessMemory request was completed. (0x12B)
[0609/085940.165:ERROR:process_memory_win.cc(73)] ReadMemory at 0x167a200000 of 6024 bytes failed: Only part of a ReadProcessMemory or WriteProcessMemory request was completed. (0x12B)
[0609/085940.165:ERROR:process_memory_win.cc(73)] ReadMemory at 0x167a202000 of 6024 bytes failed: Only part of a ReadProcessMemory or WriteProcessMemory request was completed. (0x12B)
[0609/085940.165:ERROR:process_memory_win.cc(73)] ReadMemory at 0x167a204000 of 6024 bytes failed: Only part of a ReadProcessMemory or WriteProcessMemory request was completed. (0x12B)
[0609/085940.165:ERROR:process_memory_win.cc(73)] ReadMemory at 0x167a206000 of 6024 bytes failed: Only part of a ReadProcessMemory or WriteProcessMemory request was completed. (0x12B)
[0609/085940.165:ERROR:process_memory_win.cc(73)] ReadMemory at 0x167a208000 of 6024 bytes failed: Only part of a ReadProcessMemory or WriteProcessMemory request was completed. (0x12B)
[0609/085940.165:ERROR:process_memory_win.cc(73)] ReadMemory at 0x167a20a000 of 6024 bytes failed: Only part of a ReadProcessMemory or WriteProcessMemory request was completed. (0x12B)
[0609/085940.165:ERROR:process_memory_win.cc(73)] ReadMemory at 0x167a20c000 of 6024 bytes failed: Only part of a ReadProcessMemory or WriteProcessMemory request was completed. (0x12B)
[0609/085940.165:ERROR:process_memory_win.cc(73)] ReadMemory at 0x167a20e000 of 6024 bytes failed: Only part of a ReadProcessMemory or WriteProcessMemory request was completed. (0x12B)
[0609/085940.165:ERROR:process_memory_win.cc(73)] ReadMemory at 0x167a3fc000 of 852 bytes failed: Only part of a ReadProcessMemory or WriteProcessMemory request was completed. (0x12B)
[0609/085940.165:ERROR:process_memory_win.cc(73)] ReadMemory at 0x167a3fd000 of 6024 bytes failed: Only part of a ReadProcessMemory or WriteProcessMemory request was completed. (0x12B)
[0609/085940.166:ERROR:process_memory_win.cc(73)] ReadMemory at 0x17566380750 of 80 bytes failed: Only part of a ReadProcessMemory or WriteProcessMemory request was completed. (0x12B)
[0609/085940.166:ERROR:process_memory_win.cc(73)] ReadMemory at 0x17566380fe0 of 3962 bytes failed: Only part of a ReadProcessMemory or WriteProcessMemory request was completed. (0x12B)
[0609/085940.166:ERROR:process_memory_win.cc(73)] ReadMemory at 0x17566381f70 of 1012 bytes failed: Only part of a ReadProcessMemory or WriteProcessMemory request was completed. (0x12B)
[0609/085940.166:ERROR:process_memory_win.cc(73)] ReadMemory at 0x175663825b8 of 118 bytes failed: Only part of a ReadProcessMemory or WriteProcessMemory request was completed. (0x12B)
[0609/085940.166:ERROR:process_memory_win.cc(73)] ReadMemory at 0x17566382630 of 764 bytes failed: Only part of a ReadProcessMemory or WriteProcessMemory request was completed. (0x12B)
[0609/085940.166:ERROR:process_memory_win.cc(73)] ReadMemory at 0x1756638292e of 118 bytes failed: Only part of a ReadProcessMemory or WriteProcessMemory request was completed. (0x12B)
[0609/085940.166:ERROR:process_memory_win.cc(73)] ReadMemory at 0x175663829a6 of 100 bytes failed: Only part of a ReadProcessMemory or WriteProcessMemory request was completed. (0x12B)
[0609/085940.166:ERROR:process_memory_win.cc(73)] ReadMemory at 0x17566382a20 of 58 bytes failed: Only part of a ReadProcessMemory or WriteProcessMemory request was completed. (0x12B)
[0609/085940.166:ERROR:process_memory_win.cc(73)] ReadMemory at 0x17566382b20 of 132 bytes failed: Only part of a ReadProcessMemory or WriteProcessMemory request was completed. (0x12B)
[0609/085940.166:ERROR:process_memory_win.cc(73)] ReadMemory at 0x17566382cb0 of 132 bytes failed: Only part of a ReadProcessMemory or WriteProcessMemory request was completed. (0x12B)
[0609/085940.166:ERROR:process_memory_win.cc(73)] ReadMemory at 0x17566382e70 of 124 bytes failed: Only part of a ReadProcessMemory or WriteProcessMemory request was completed. (0x12B)
[0609/085940.166:ERROR:process_memory_win.cc(73)] ReadMemory at 0x17566383250 of 132 bytes failed: Only part of a ReadProcessMemory or WriteProcessMemory request was completed. (0x12B)
[0609/085940.166:ERROR:process_memory_win.cc(73)] ReadMemory at 0x175663833e0 of 64 bytes failed: Only part of a ReadProcessMemory or WriteProcessMemory request was completed. (0x12B)
[0609/085940.166:ERROR:process_memory_win.cc(73)] ReadMemory at 0x175663835a0 of 132 bytes failed: Only part of a ReadProcessMemory or WriteProcessMemory request was completed. (0x12B)
[0609/085940.166:ERROR:process_memory_win.cc(73)] ReadMemory at 0x17566383840 of 132 bytes failed: Only part of a ReadProcessMemory or WriteProcessMemory request was completed. (0x12B)
[0609/085940.166:ERROR:process_memory_win.cc(73)] ReadMemory at 0x175663839d0 of 68 bytes failed: Only part of a ReadProcessMemory or WriteProcessMemory request was completed. (0x12B)
[0609/085940.166:ERROR:process_memory_win.cc(73)] ReadMemory at 0x17566384aa0 of 132 bytes failed: Only part of a ReadProcessMemory or WriteProcessMemory request was completed. (0x12B)
[0609/085940.166:ERROR:process_memory_win.cc(73)] ReadMemory at 0x17566384c30 of 152 bytes failed: Only part of a ReadProcessMemory or WriteProcessMemory request was completed. (0x12B)
[0609/085940.166:ERROR:process_memory_win.cc(73)] ReadMemory at 0x17566385a20 of 62 bytes failed: Only part of a ReadProcessMemory or WriteProcessMemory request was completed. (0x12B)
[0609/085940.166:ERROR:process_memory_win.cc(73)] ReadMemory at 0x17566385a70 of 132 bytes failed: Only part of a ReadProcessMemory or WriteProcessMemory request was completed. (0x12B)
[0609/085940.167:ERROR:process_memory_win.cc(73)] ReadMemory at 0x17566385c10 of 132 bytes failed: Only part of a ReadProcessMemory or WriteProcessMemory request was completed. (0x12B)
[0609/085940.167:ERROR:process_memory_win.cc(73)] ReadMemory at 0x17566385d40 of 60 bytes failed: Only part of a ReadProcessMemory or WriteProcessMemory request was completed. (0x12B)
[0609/085940.167:ERROR:process_memory_win.cc(73)] ReadMemory at 0x17566387fd0 of 132 bytes failed: Only part of a ReadProcessMemory or WriteProcessMemory request was completed. (0x12B)
[0609/085940.167:ERROR:process_memory_win.cc(73)] ReadMemory at 0x1756638aed0 of 62 bytes failed: Only part of a ReadProcessMemory or WriteProcessMemory request was completed. (0x12B)
[0609/085940.167:ERROR:process_memory_win.cc(73)] ReadMemory at 0x1756638af20 of 66 bytes failed: Only part of a ReadProcessMemory or WriteProcessMemory request was completed. (0x12B)
[0609/085940.167:ERROR:process_memory_win.cc(73)] ReadMemory at 0x1756638af70 of 64 bytes failed: Only part of a ReadProcessMemory or WriteProcessMemory request was completed. (0x12B)
[0609/085940.167:ERROR:process_memory_win.cc(73)] ReadMemory at 0x1756638afc0 of 62 bytes failed: Only part of a ReadProcessMemory or WriteProcessMemory request was completed. (0x12B)
[0609/085940.167:ERROR:process_memory_win.cc(73)] ReadMemory at 0x1756638b1a0 of 60 bytes failed: Only part of a ReadProcessMemory or WriteProcessMemory request was completed. (0x12B)
[0609/085940.167:ERROR:process_memory_win.cc(73)] ReadMemory at 0x1756638b290 of 64 bytes failed: Only part of a ReadProcessMemory or WriteProcessMemory request was completed. (0x12B)
[0609/085940.167:ERROR:process_memory_win.cc(73)] ReadMemory at 0x1756638b420 of 60 bytes failed: Only part of a ReadProcessMemory or WriteProcessMemory request was completed. (0x12B)
[0609/085940.167:ERROR:process_memory_win.cc(73)] ReadMemory at 0x1756638b470 of 64 bytes failed: Only part of a ReadProcessMemory or WriteProcessMemory request was completed. (0x12B)
[0609/085940.167:ERROR:process_memory_win.cc(73)] ReadMemory at 0x1756638b600 of 64 bytes failed: Only part of a ReadProcessMemory or WriteProcessMemory request was completed. (0x12B)
[0609/085940.167:ERROR:process_memory_win.cc(73)] ReadMemory at 0x1756638b6e0 of 132 bytes failed: Only part of a ReadProcessMemory or WriteProcessMemory request was completed. (0x12B)
[0609/085940.167:ERROR:process_memory_win.cc(73)] ReadMemory at 0x1756638b810 of 132 bytes failed: Only part of a ReadProcessMemory or WriteProcessMemory request was completed. (0x12B)
[0609/085940.167:ERROR:process_memory_win.cc(73)] ReadMemory at 0x1756638b940 of 132 bytes failed: Only part of a ReadProcessMemory or WriteProcessMemory request was completed. (0x12B)
[0609/085940.167:ERROR:process_memory_win.cc(73)] ReadMemory at 0x1756638ba70 of 132 bytes failed: Only part of a ReadProcessMemory or WriteProcessMemory request was completed. (0x12B)
[0609/085940.167:ERROR:process_memory_win.cc(73)] ReadMemory at 0x1756638bba0 of 132 bytes failed: Only part of a ReadProcessMemory or WriteProcessMemory request was completed. (0x12B)
[0609/085940.167:ERROR:process_memory_win.cc(73)] ReadMemory at 0x1756638bcd0 of 132 bytes failed: Only part of a ReadProcessMemory or WriteProcessMemory request was completed. (0x12B)
[0609/085940.167:ERROR:process_memory_win.cc(73)] ReadMemory at 0x1756638bf30 of 132 bytes failed: Only part of a ReadProcessMemory or WriteProcessMemory request was completed. (0x12B)
[0609/085940.167:ERROR:process_memory_win.cc(73)] ReadMemory at 0x1756638c060 of 132 bytes failed: Only part of a ReadProcessMemory or WriteProcessMemory request was completed. (0x12B)
[0609/085940.167:ERROR:process_memory_win.cc(73)] ReadMemory at 0x1756638c190 of 132 bytes failed: Only part of a ReadProcessMemory or WriteProcessMemory request was completed. (0x12B)
[0609/085940.167:ERROR:process_memory_win.cc(73)] ReadMemory at 0x1756638c2c0 of 132 bytes failed: Only part of a ReadProcessMemory or WriteProcessMemory request was completed. (0x12B)
[0609/085940.167:ERROR:process_memory_win.cc(73)] ReadMemory at 0x1756638c3f0 of 132 bytes failed: Only part of a ReadProcessMemory or WriteProcessMemory request was completed. (0x12B)
[0609/085940.167:ERROR:process_memory_win.cc(73)] ReadMemory at 0x1756638c520 of 132 bytes failed: Only part of a ReadProcessMemory or WriteProcessMemory request was completed. (0x12B)
[0609/085940.167:ERROR:process_memory_win.cc(73)] ReadMemory at 0x1756638d1d0 of 76 bytes failed: Only part of a ReadProcessMemory or WriteProcessMemory request was completed. (0x12B)
[0609/085940.167:ERROR:process_memory_win.cc(73)] ReadMemory at 0x1756638d470 of 80 bytes failed: Only part of a ReadProcessMemory or WriteProcessMemory request was completed. (0x12B)
[0609/085940.167:ERROR:process_memory_win.cc(73)] ReadMemory at 0x1756638ded0 of 144 bytes failed: Only part of a ReadProcessMemory or WriteProcessMemory request was completed. (0x12B)
[0609/085940.168:ERROR:process_memory_win.cc(73)] ReadMemory at 0x1756638f290 of 54 bytes failed: Only part of a ReadProcessMemory or WriteProcessMemory request was completed. (0x12B)
[0609/085940.168:ERROR:process_memory_win.cc(73)] ReadMemory at 0x1756638fad0 of 132 bytes failed: Only part of a ReadProcessMemory or WriteProcessMemory request was completed. (0x12B)
[0609/085940.168:ERROR:process_memory_win.cc(73)] ReadMemory at 0x1756638fe20 of 132 bytes failed: Only part of a ReadProcessMemory or WriteProcessMemory request was completed. (0x12B)
[0609/085940.168:ERROR:process_memory_win.cc(73)] ReadMemory at 0x175663901c0 of 132 bytes failed: Only part of a ReadProcessMemory or WriteProcessMemory request was completed. (0x12B)
[0609/085940.168:ERROR:process_memory_win.cc(73)] ReadMemory at 0x17566391ad0 of 132 bytes failed: Only part of a ReadProcessMemory or WriteProcessMemory request was completed. (0x12B)
[0609/085940.168:ERROR:process_memory_win.cc(73)] ReadMemory at 0x17566393830 of 132 bytes failed: Only part of a ReadProcessMemory or WriteProcessMemory request was completed. (0x12B)
[0609/085940.168:ERROR:process_memory_win.cc(73)] ReadMemory at 0x17566393a50 of 132 bytes failed: Only part of a ReadProcessMemory or WriteProcessMemory request was completed. (0x12B)
[0609/085940.168:ERROR:process_memory_win.cc(73)] ReadMemory at 0x17566393db0 of 132 bytes failed: Only part of a ReadProcessMemory or WriteProcessMemory request was completed. (0x12B)
[0609/085940.168:ERROR:process_memory_win.cc(73)] ReadMemory at 0x175663947d0 of 132 bytes failed: Only part of a ReadProcessMemory or WriteProcessMemory request was completed. (0x12B)
[0609/085940.168:ERROR:process_memory_win.cc(73)] ReadMemory at 0x17566395160 of 62 bytes failed: Only part of a ReadProcessMemory or WriteProcessMemory request was completed. (0x12B)
[0609/085940.168:ERROR:process_memory_win.cc(73)] ReadMemory at 0x17566395250 of 62 bytes failed: Only part of a ReadProcessMemory or WriteProcessMemory request was completed. (0x12B)
[0609/085940.168:ERROR:process_memory_win.cc(73)] ReadMemory at 0x175663952a0 of 62 bytes failed: Only part of a ReadProcessMemory or WriteProcessMemory request was completed. (0x12B)
[0609/085940.168:ERROR:process_memory_win.cc(73)] ReadMemory at 0x175663952f0 of 62 bytes failed: Only part of a ReadProcessMemory or WriteProcessMemory request was completed. (0x12B)
[0609/085940.168:ERROR:process_memory_win.cc(73)] ReadMemory at 0x175663953e0 of 62 bytes failed: Only part of a ReadProcessMemory or WriteProcessMemory request was completed. (0x12B)
[0609/085940.168:ERROR:process_memory_win.cc(73)] ReadMemory at 0x17566395520 of 64 bytes failed: Only part of a ReadProcessMemory or WriteProcessMemory request was completed. (0x12B)
[0609/085940.168:ERROR:process_memory_win.cc(73)] ReadMemory at 0x17566395570 of 62 bytes failed: Only part of a ReadProcessMemory or WriteProcessMemory request was completed. (0x12B)
[0609/085940.168:ERROR:process_memory_win.cc(73)] ReadMemory at 0x17566395610 of 64 bytes failed: Only part of a ReadProcessMemory or WriteProcessMemory request was completed. (0x12B)
[0609/085940.168:ERROR:process_memory_win.cc(73)] ReadMemory at 0x17566395660 of 66 bytes failed: Only part of a ReadProcessMemory or WriteProcessMemory request was completed. (0x12B)
[0609/085940.168:ERROR:process_memory_win.cc(73)] ReadMemory at 0x17566395840 of 60 bytes failed: Only part of a ReadProcessMemory or WriteProcessMemory request was completed. (0x12B)
[0609/085940.168:ERROR:process_memory_win.cc(73)] ReadMemory at 0x17566395890 of 64 bytes failed: Only part of a ReadProcessMemory or WriteProcessMemory request was completed. (0x12B)
[0609/085940.168:ERROR:process_memory_win.cc(73)] ReadMemory at 0x175663958e0 of 60 bytes failed: Only part of a ReadProcessMemory or WriteProcessMemory request was completed. (0x12B)
[0609/085940.168:ERROR:process_memory_win.cc(73)] ReadMemory at 0x175663959d0 of 62 bytes failed: Only part of a ReadProcessMemory or WriteProcessMemory request was completed. (0x12B)
[0609/085940.168:ERROR:process_memory_win.cc(73)] ReadMemory at 0x17566395ac0 of 64 bytes failed: Only part of a ReadProcessMemory or WriteProcessMemory request was completed. (0x12B)
[0609/085940.168:ERROR:process_memory_win.cc(73)] ReadMemory at 0x17566395b60 of 62 bytes failed: Only part of a ReadProcessMemory or WriteProcessMemory request was completed. (0x12B)
[0609/085940.168:ERROR:process_memory_win.cc(73)] ReadMemory at 0x17566395c00 of 60 bytes failed: Only part of a ReadProcessMemory or WriteProcessMemory request was completed. (0x12B)
[0609/085940.168:ERROR:process_memory_win.cc(73)] ReadMemory at 0x17566395ed0 of 58 bytes failed: Only part of a ReadProcessMemory or WriteProcessMemory request was completed. (0x12B)
[0609/085940.168:ERROR:process_memory_win.cc(73)] ReadMemory at 0x17566395f20 of 60 bytes failed: Only part of a ReadProcessMemory or WriteProcessMemory request was completed. (0x12B)
[0609/085940.168:ERROR:process_memory_win.cc(73)] ReadMemory at 0x17566396a00 of 132 bytes failed: Only part of a ReadProcessMemory or WriteProcessMemory request was completed. (0x12B)
[0609/085940.169:ERROR:process_memory_win.cc(73)] ReadMemory at 0x17566396ff0 of 132 bytes failed: Only part of a ReadProcessMemory or WriteProcessMemory request was completed. (0x12B)
[0609/085940.169:ERROR:process_memory_win.cc(73)] ReadMemory at 0x17566397380 of 132 bytes failed: Only part of a ReadProcessMemory or WriteProcessMemory request was completed. (0x12B)
[0609/085940.169:ERROR:process_memory_win.cc(73)] ReadMemory at 0x17566397970 of 132 bytes failed: Only part of a ReadProcessMemory or WriteProcessMemory request was completed. (0x12B)
[0609/085940.169:ERROR:process_memory_win.cc(73)] ReadMemory at 0x17566397aa0 of 132 bytes failed: Only part of a ReadProcessMemory or WriteProcessMemory request was completed. (0x12B)
[0609/085940.169:ERROR:process_memory_win.cc(73)] ReadMemory at 0x17566397bd0 of 132 bytes failed: Only part of a ReadProcessMemory or WriteProcessMemory request was completed. (0x12B)
[0609/085940.169:ERROR:process_memory_win.cc(73)] ReadMemory at 0x17566397d00 of 132 bytes failed: Only part of a ReadProcessMemory or WriteProcessMemory request was completed. (0x12B)
[0609/085940.169:ERROR:process_memory_win.cc(73)] ReadMemory at 0x17566397e30 of 132 bytes failed: Only part of a ReadProcessMemory or WriteProcessMemory request was completed. (0x12B)
[0609/085940.169:ERROR:process_memory_win.cc(73)] ReadMemory at 0x175663982f0 of 132 bytes failed: Only part of a ReadProcessMemory or WriteProcessMemory request was completed. (0x12B)
[0609/085940.169:ERROR:process_memory_win.cc(73)] ReadMemory at 0x17566398550 of 132 bytes failed: Only part of a ReadProcessMemory or WriteProcessMemory request was completed. (0x12B)
[0609/085940.169:ERROR:process_memory_win.cc(73)] ReadMemory at 0x175663ad880 of 512 bytes failed: Only part of a ReadProcessMemory or WriteProcessMemory request was completed. (0x12B)
[0609/085940.169:ERROR:process_memory_win.cc(73)] ReadMemory at 0x175663b0dc0 of 512 bytes failed: Only part of a ReadProcessMemory or WriteProcessMemory request was completed. (0x12B)
[0609/085940.169:ERROR:process_memory_win.cc(73)] ReadMemory at 0x17566b00000 of 384 bytes failed: Only part of a ReadProcessMemory or WriteProcessMemory request was completed. (0x12B)
[0609/085940.169:ERROR:process_memory_win.cc(73)] ReadMemory at 0x17566b39d40 of 512 bytes failed: Only part of a ReadProcessMemory or WriteProcessMemory request was completed. (0x12B)
[0609/085940.169:ERROR:process_memory_win.cc(73)] ReadMemory at 0x17566b3ef00 of 512 bytes failed: Only part of a ReadProcessMemory or WriteProcessMemory request was completed. (0x12B)
[0609/085940.169:ERROR:process_memory_win.cc(73)] ReadMemory at 0x17566b79ed0 of 512 bytes failed: Only part of a ReadProcessMemory or WriteProcessMemory request was completed. (0x12B)
[0609/085940.169:ERROR:process_memory_win.cc(73)] ReadMemory at 0x17566bd9b40 of 512 bytes failed: Only part of a ReadProcessMemory or WriteProcessMemory request was completed. (0x12B)
[0609/085940.169:ERROR:process_memory_win.cc(73)] ReadMemory at 0x1756868e608 of 512 bytes failed: Only part of a ReadProcessMemory or WriteProcessMemory request was completed. (0x12B)
[0609/085940.169:ERROR:process_memory_win.cc(73)] ReadMemory at 0x42c630c89968 of 512 bytes failed: Only part of a ReadProcessMemory or WriteProcessMemory request was completed. (0x12B)
[0609/085940.169:ERROR:process_memory_win.cc(73)] ReadMemory at 0x7ff8b9b77674 of 512 bytes failed: Only part of a ReadProcessMemory or WriteProcessMemory request was completed. (0x12B)
[0609/085940.169:ERROR:process_memory_win.cc(73)] ReadMemory at 0x7ff8bcc45d51 of 512 bytes failed: Only part of a ReadProcessMemory or WriteProcessMemory request was completed. (0x12B)
[0609/085940.169:ERROR:process_memory_win.cc(73)] ReadMemory at 0x7ff8c0e99568 of 512 bytes failed: Only part of a ReadProcessMemory or WriteProcessMemory request was completed. (0x12B)
[0609/085940.169:ERROR:process_memory_win.cc(73)] ReadMemory at 0x7ff93896c6e0 of 512 bytes failed: Only part of a ReadProcessMemory or WriteProcessMemory request was completed. (0x12B)
[0609/085940.169:ERROR:process_memory_win.cc(73)] ReadMemory at 0x7ff93aa9c074 of 672 bytes failed: Only part of a ReadProcessMemory or WriteProcessMemory request was completed. (0x12B)
[0609/085940.169:ERROR:process_memory_win.cc(73)] ReadMemory at 0x7ff93aa9c674 of 512 bytes failed: Only part of a ReadProcessMemory or WriteProcessMemory request was completed. (0x12B)
[0609/085940.169:ERROR:process_memory_win.cc(73)] ReadMemory at 0x7ff93aa9f984 of 512 bytes failed: Only part of a ReadProcessMemory or WriteProcessMemory request was completed. (0x12B)
[0609/085940.169:ERROR:process_memory_win.cc(73)] ReadMemory at 0x7ff93ab2c428 of 18 bytes failed: Only part of a ReadProcessMemory or WriteProcessMemory request was completed. (0x12B)
[0609/085940.169:ERROR:process_memory_win.cc(73)] ReadMemory at 0x7ff93ab5f4f8 of 40 bytes failed: Only part of a ReadProcessMemory or WriteProcessMemory request was completed. (0x12B)
[0609/085940.169:ERROR:process_memory_win.cc(73)] ReadMemory at 0x7ff93ab5f978 of 48 bytes failed: Only part of a ReadProcessMemory or WriteProcessMemory request was completed. (0x12B)
[0609/085940.169:ERROR:process_memory_win.cc(73)] ReadMemory at 0x7ff93ab653c0 of 64 bytes failed: Only part of a ReadProcessMemory or WriteProcessMemory request was completed. (0x12B)
[0609/085940.171:ERROR:scoped_process_suspend.cc(40)] NtResumeProcess: An attempt was made to access an exiting process. (0xc000010a)
[0609/142002.065:ERROR:process_info.cc(329)] VirtualQueryEx: Access is denied. (0x5)
[0609/142002.065:ERROR:process_info.cc(556)] ReadMemoryInfo failed
[0609/142002.065:ERROR:scoped_process_suspend.cc(40)] NtResumeProcess: An attempt was made to access an exiting process. (0xc000010a)
[0609/144429.369:ERROR:process_info.cc(329)] VirtualQueryEx: Access is denied. (0x5)
[0609/144429.369:ERROR:process_info.cc(556)] ReadMemoryInfo failed
[0609/144429.370:ERROR:scoped_process_suspend.cc(40)] NtResumeProcess: An attempt was made to access an exiting process. (0xc000010a)
[0609/144439.658:ERROR:process_info.cc(329)] VirtualQueryEx: Access is denied. (0x5)
[0609/144439.658:ERROR:process_info.cc(556)] ReadMemoryInfo failed
[0609/144439.658:ERROR:process_memory_win.cc(39)] Failed to initialize ProcessInfo.
[0609/144439.658:ERROR:scoped_process_suspend.cc(40)] NtResumeProcess: An attempt was made to access an exiting process. (0xc000010a)
[0609/152919.675:ERROR:process_info.cc(329)] VirtualQueryEx: Access is denied. (0x5)
[0609/152919.675:ERROR:process_info.cc(556)] ReadMemoryInfo failed
[0609/152919.675:ERROR:scoped_process_suspend.cc(40)] NtResumeProcess: An attempt was made to access an exiting process. (0xc000010a)
